<?xml version="1.0" encoding="UTF-8"?><TestSessionContainer xmlns="http://www.codecover.org/xml/testsession-container" Date="1480328558055" TestSessionContainerId="9935e10d-94ee-4a15-b964-e093059d6046" version="1.0">
<SrcFileList>
<SrcFile Content="package main.java.model;&#10;&#10;public class Player {&#10;&#10;}&#10;" Filename="Player.java" Intrnl_Id="1"/>
</SrcFileList>
<CritList>
<CritListEntry Name="org.codecover.model.utils.criteria.LoopCoverage" PluginName="org.codecover"/>
<CritListEntry Name="org.codecover.model.utils.criteria.QMOCoverage" PluginName="org.codecover"/>
<CritListEntry Name="org.codecover.model.utils.criteria.ConditionCoverage" PluginName="org.codecover"/>
<CritListEntry Name="org.codecover.model.utils.criteria.BranchCoverage" PluginName="org.codecover"/>
<CritListEntry Name="org.codecover.model.utils.criteria.SynchronizedStatementCoverage" PluginName="org.codecover"/>
<CritListEntry Name="org.codecover.model.utils.criteria.StatementCoverage" PluginName="org.codecover"/>
</CritList>
<BoolOpList/>
<HierarchyLvlTypeList>
<HierarchyLvlType EnglishName="package" IntrnlName="package" Intrnl_Id="2"/>
<HierarchyLvlType EnglishName="class" IntrnlName="class" Intrnl_Id="3"/>
<HierarchyLvlType EnglishName="default package" IntrnlName="default package" Intrnl_Id="4"/>
</HierarchyLvlTypeList>
<MASTRoot>
<HierarchyLvl HierarchyLvlId="11" HierarchyLvlTypeId="4" Intrnl_Id="5" Name="default package">
<Header/>
<LocList/>
<HierarchyLvl HierarchyLvlId="10" HierarchyLvlTypeId="2" Intrnl_Id="6" Name="main">
<Header/>
<LocList/>
<HierarchyLvl HierarchyLvlId="9" HierarchyLvlTypeId="2" Intrnl_Id="7" Name="java">
<Header/>
<LocList/>
<HierarchyLvl HierarchyLvlId="8" HierarchyLvlTypeId="2" Intrnl_Id="8" Name="model">
<Header/>
<LocList/>
<HierarchyLvl HierarchyLvlId="7" HierarchyLvlTypeId="3" Intrnl_Id="9" Name="Player">
<Header>
<Loc EndOffset="45" SrcFileId="1" StartOffset="26"/>
</Header>
<LocList>
<Loc EndOffset="50" SrcFileId="1" StartOffset="26"/>
</LocList>
</HierarchyLvl>
</HierarchyLvl>
</HierarchyLvl>
</HierarchyLvl>
</HierarchyLvl>
</MASTRoot>
</TestSessionContainer>
