<?xml version="1.0" encoding="UTF-8"?><TestSessionContainer xmlns="http://www.codecover.org/xml/testsession-container" Date="1480328868207" TestSessionContainerId="85800cc7-bb93-44f4-ac6b-a7fb48740b9c" version="1.0">
<SrcFileList>
<SrcFile Content="package main.java.model;&#10;&#10;public class Player {&#10;&#9;&#10;&#9;String name;&#10;&#9;int credits;&#10;&#9;&#10;&#9;public Player(){&#10;&#9;&#9;&#10;&#9;}&#10;&#10;&#9;public String getName() {&#10;&#9;&#9;//return name;&#10;&#9;&#9;return null;&#10;&#9;}&#10;&#9;public void setName(String name) {&#10;&#9;&#9;//this.name = name;&#10;&#9;}&#10;&#10;&#9;public int getCredits() {&#10;&#9;&#9;//return credits;&#10;&#9;&#9;return 0;&#10;&#9;}&#10;&#10;&#9;public void setCredits(int credits) {&#10;&#9;&#9;//this.credits = credits;&#10;&#9;}&#10;&#9;&#10;&#10;}&#10;" Filename="Player.java" Intrnl_Id="1"/>
</SrcFileList>
<CritList>
<CritListEntry Name="org.codecover.model.utils.criteria.LoopCoverage" PluginName="org.codecover"/>
<CritListEntry Name="org.codecover.model.utils.criteria.QMOCoverage" PluginName="org.codecover"/>
<CritListEntry Name="org.codecover.model.utils.criteria.ConditionCoverage" PluginName="org.codecover"/>
<CritListEntry Name="org.codecover.model.utils.criteria.BranchCoverage" PluginName="org.codecover"/>
<CritListEntry Name="org.codecover.model.utils.criteria.SynchronizedStatementCoverage" PluginName="org.codecover"/>
<CritListEntry Name="org.codecover.model.utils.criteria.StatementCoverage" PluginName="org.codecover"/>
</CritList>
<BoolOpList/>
<HierarchyLvlTypeList>
<HierarchyLvlType EnglishName="package" IntrnlName="package" Intrnl_Id="2"/>
<HierarchyLvlType EnglishName="method" IntrnlName="method" Intrnl_Id="3"/>
<HierarchyLvlType EnglishName="class" IntrnlName="class" Intrnl_Id="4"/>
<HierarchyLvlType EnglishName="default package" IntrnlName="default package" Intrnl_Id="5"/>
</HierarchyLvlTypeList>
<MASTRoot>
<HierarchyLvl HierarchyLvlId="41" HierarchyLvlTypeId="5" Intrnl_Id="6" Name="default package">
<Header/>
<LocList/>
<HierarchyLvl HierarchyLvlId="40" HierarchyLvlTypeId="2" Intrnl_Id="7" Name="main">
<Header/>
<LocList/>
<HierarchyLvl HierarchyLvlId="39" HierarchyLvlTypeId="2" Intrnl_Id="8" Name="java">
<Header/>
<LocList/>
<HierarchyLvl HierarchyLvlId="38" HierarchyLvlTypeId="2" Intrnl_Id="9" Name="model">
<Header/>
<LocList/>
<HierarchyLvl HierarchyLvlId="37" HierarchyLvlTypeId="4" Intrnl_Id="10" Name="Player">
<Header>
<Loc EndOffset="45" SrcFileId="1" StartOffset="26"/>
</Header>
<LocList>
<Loc EndOffset="366" SrcFileId="1" StartOffset="26"/>
</LocList>
<HierarchyLvl HierarchyLvlId="32" HierarchyLvlTypeId="3" Intrnl_Id="11" Name="Player">
<Header>
<Loc EndOffset="96" SrcFileId="1" StartOffset="81"/>
</Header>
<LocList>
<Loc EndOffset="103" SrcFileId="1" StartOffset="81"/>
</LocList>
</HierarchyLvl>
<HierarchyLvl HierarchyLvlId="33" HierarchyLvlTypeId="3" Intrnl_Id="12" Name="getName">
<Header>
<Loc EndOffset="129" SrcFileId="1" StartOffset="106"/>
</Header>
<LocList>
<Loc EndOffset="166" SrcFileId="1" StartOffset="106"/>
</LocList>
<StmntSeq Intrnl_Id="13">
<LocList>
<Loc EndOffset="163" SrcFileId="1" StartOffset="151"/>
</LocList>
<BasicStmnt CovItemId="S1" CovItemPrefix="main.java.model.Player.java" Intrnl_Id="14">
<LocList>
<Loc EndOffset="163" SrcFileId="1" StartOffset="151"/>
</LocList>
</BasicStmnt>
</StmntSeq>
</HierarchyLvl>
<HierarchyLvl HierarchyLvlId="34" HierarchyLvlTypeId="3" Intrnl_Id="15" Name="setName">
<Header>
<Loc EndOffset="200" SrcFileId="1" StartOffset="168"/>
</Header>
<LocList>
<Loc EndOffset="227" SrcFileId="1" StartOffset="168"/>
</LocList>
</HierarchyLvl>
<HierarchyLvl HierarchyLvlId="35" HierarchyLvlTypeId="3" Intrnl_Id="16" Name="getCredits">
<Header>
<Loc EndOffset="253" SrcFileId="1" StartOffset="230"/>
</Header>
<LocList>
<Loc EndOffset="290" SrcFileId="1" StartOffset="230"/>
</LocList>
<StmntSeq Intrnl_Id="17">
<LocList>
<Loc EndOffset="287" SrcFileId="1" StartOffset="278"/>
</LocList>
<BasicStmnt CovItemId="S2" CovItemPrefix="main.java.model.Player.java" Intrnl_Id="18">
<LocList>
<Loc EndOffset="287" SrcFileId="1" StartOffset="278"/>
</LocList>
</BasicStmnt>
</StmntSeq>
</HierarchyLvl>
<HierarchyLvl HierarchyLvlId="36" HierarchyLvlTypeId="3" Intrnl_Id="19" Name="setCredits">
<Header>
<Loc EndOffset="328" SrcFileId="1" StartOffset="293"/>
</Header>
<LocList>
<Loc EndOffset="361" SrcFileId="1" StartOffset="293"/>
</LocList>
</HierarchyLvl>
</HierarchyLvl>
</HierarchyLvl>
</HierarchyLvl>
</HierarchyLvl>
</HierarchyLvl>
</MASTRoot>
</TestSessionContainer>
